<?xml version="1.0" encoding="UTF-8"?>
<!-- Generated by org.testng.reporters.JUnitReportReporter -->
<testsuite hostname="Smithas-MacBook-Air.local" failures="0" tests="3" name="qa.ticket.testcases.HomePageVerify" time="33.787" errors="0" timestamp="07 Jun 2021 21:00:14 GMT" skipped="0">
  <testcase classname="qa.ticket.testcases.HomePageVerify" name="validateHomePageTest1" time="10.013"/>
  <testcase classname="qa.ticket.testcases.HomePageVerify" name="verifySoldOutTkt" time="16.022"/>
  <testcase classname="qa.ticket.testcases.HomePageVerify" name="validateHomePageTest2" time="7.752"/>
</testsuite> <!-- qa.ticket.testcases.HomePageVerify -->
