<?xml version="1.0" encoding="UTF-8"?>
<!-- Generated by org.testng.reporters.JUnitReportReporter -->
<testsuite hostname="Smithas-MacBook-Air.local" failures="0" tests="1" name="qa.ticket.testcases.TicketPurchase" time="52.272" errors="0" timestamp="07 Jun 2021 21:00:14 GMT" skipped="0">
  <testcase classname="qa.ticket.testcases.TicketPurchase" name="validateHomePageTest1" time="52.272"/>
</testsuite> <!-- qa.ticket.testcases.TicketPurchase -->
